<?xml version="1.0" encoding="UTF-8"?>
<!-- Generated by org.testng.reporters.JUnitReportReporter -->
<testsuite hostname="DESKTOP-IB62FPV" failures="0" tests="1" name="tests.NebulaPatentDateTest" time="36.584" errors="0" timestamp="2025-07-14T19:25:15 IST" skipped="0">
  <testcase classname="tests.NebulaPatentDateTest" name="testDateDifferences" time="36.584"/>
</testsuite> <!-- tests.NebulaPatentDateTest -->
